<?xml version="1.0" encoding="UTF-8"?>
<!-- Generated by org.testng.reporters.JUnitReportReporter -->
<testsuite skipped="0" hostname="LAPTOP-BADH85B6" name="hardDependency.DependsOnGroups" tests="3" failures="0" timestamp="2022-04-12T18:48:59 MST" time="0.022" errors="0">
  <testcase name="step1" time="0.015" classname="hardDependency.DependsOnGroups"/>
  <system-out/>
  <testcase name="step2" time="0.006" classname="hardDependency.DependsOnGroups"/>
  <system-out/>
  <testcase name="step3" time="0.001" classname="hardDependency.DependsOnGroups"/>
  <system-out/>
</testsuite> <!-- hardDependency.DependsOnGroups -->
