<?xml version="1.0" encoding="UTF-8"?>
<!-- Generated by org.testng.reporters.JUnitReportReporter -->
<testsuite skipped="0" hostname="LAPTOP-BADH85B6" name="dependency.DependsOnGroups" tests="3" failures="0" timestamp="2022-04-12T20:03:22 MST" time="0.015" errors="0">
  <testcase name="step2" time="0.002" classname="dependency.DependsOnGroups"/>
  <system-out/>
  <testcase name="step1" time="0.012" classname="dependency.DependsOnGroups"/>
  <system-out/>
  <testcase name="step3" time="0.001" classname="dependency.DependsOnGroups"/>
  <system-out/>
</testsuite> <!-- dependency.DependsOnGroups -->
